{"name": "Проверка перехода на главную страницу Яндекса по ссылке в header", "status": "broken", "statusDetails": {"message": "selenium.common.exceptions.TimeoutException: Message: \nStacktrace:\nRemoteError@chrome://remote/content/shared/RemoteError.sys.mjs:8:8\nWebDriverError@chrome://remote/content/shared/webdriver/Errors.sys.mjs:187:5\nNoSuchElementError@chrome://remote/content/shared/webdriver/Errors.sys.mjs:505:5\nelement.find/</<@chrome://remote/content/marionette/element.sys.mjs:135:16", "trace": "self = <tests.test_main_page.TestMainPage object at 0x0000025FF4E40E48>, driver = <selenium.webdriver.firefox.webdriver.WebDriver (session=\"16332549-ffbf-42d0-aa2c-3bb015bd5c3f\")>\n\n    @allure.title('Проверка перехода на главную страницу Яндекса по ссылке в header')\n    @allure.description('Нажимаем на ссылку, переходим в другую закладку, '\n                        'сверяем URL загрузившейся страницы со строкой AdressSite.yandex_page')\n    def test_check_transition_yandex_link(self, driver):\n        main_page = MainPage(driver)\n        main_page.click_on_element(MainPageLocators.YANDEX_LOGO)\n        window_after = driver.window_handles[1]\n        driver.switch_to.window(window_after)\n        WebDriverWait(driver, 5).until(\n            expected_conditions.element_to_be_clickable(\n>               (By.XPATH, '//div[@class=\"headline\"]/a[contains(@class, \"headline__logo\")]')))\n\ntests\\test_main_page.py:53: \n_ _ _ _ _ _ _ _ _ _ _ _ _ _ _ _ _ _ _ _ _ _ _ _ _ _ _ _ _ _ _ _ _ _ _ _ _ _ _ _ _ _ _ _ _ _ _ _ _ _ _ _ _ _ _ _ _ _ _ _ _ _ _ _ _ _ _ _ _ _ _ _ _ _ _ _ _ _ _ _ _ _ _ _ _ _ _ _ _ _ _\n\nself = <selenium.webdriver.support.wait.WebDriverWait (session=\"16332549-ffbf-42d0-aa2c-3bb015bd5c3f\")>\nmethod = <function element_to_be_clickable.<locals>._predicate at 0x0000025FF4ED82F0>, message = ''\n\n    def until(self, method, message: str = \"\"):\n        \"\"\"Calls the method provided with the driver as an argument until the \\\n        return value does not evaluate to ``False``.\n    \n        :param method: callable(WebDriver)\n        :param message: optional message for :exc:`TimeoutException`\n        :returns: the result of the last call to `method`\n        :raises: :exc:`selenium.common.exceptions.TimeoutException` if timeout occurs\n        \"\"\"\n        screen = None\n        stacktrace = None\n    \n        end_time = time.monotonic() + self._timeout\n        while True:\n            try:\n                value = method(self._driver)\n                if value:\n                    return value\n            except self._ignored_exceptions as exc:\n                screen = getattr(exc, \"screen\", None)\n                stacktrace = getattr(exc, \"stacktrace\", None)\n            time.sleep(self._poll)\n            if time.monotonic() > end_time:\n                break\n>       raise TimeoutException(message, screen, stacktrace)\nE       selenium.common.exceptions.TimeoutException: Message: \nE       Stacktrace:\nE       RemoteError@chrome://remote/content/shared/RemoteError.sys.mjs:8:8\nE       WebDriverError@chrome://remote/content/shared/webdriver/Errors.sys.mjs:187:5\nE       NoSuchElementError@chrome://remote/content/shared/webdriver/Errors.sys.mjs:505:5\nE       element.find/</<@chrome://remote/content/marionette/element.sys.mjs:135:16\n\nc:\\program files\\python37\\lib\\site-packages\\selenium\\webdriver\\support\\wait.py:95: TimeoutException"}, "description": "Нажимаем на ссылку, переходим в другую закладку, сверяем URL загрузившейся страницы со строкой AdressSite.yandex_page", "steps": [{"name": "Загружаем главную страницу сайта Самокат", "status": "passed", "parameters": [{"name": "driver", "value": "<selenium.webdriver.firefox.webdriver.WebDriver (session=\"16332549-ffbf-42d0-aa2c-3bb015bd5c3f\")>"}], "start": 1690975315589, "stop": 1690975315652}, {"name": "Нажимаем на элемент с локатором ('xpath', \"//a[contains(@class,'Header_LogoYandex')]\")", "status": "passed", "parameters": [{"name": "element_locator", "value": "('xpath', \"//a[contains(@class,'Header_LogoYandex')]\")"}], "start": 1690975315652, "stop": 1690975315674}], "start": 1690975315589, "stop": 1690975320777, "uuid": "790d8359-2de1-49ee-acb7-e553e2fed8ed", "historyId": "2994dc7737521cc60da7321ce4895f13", "testCaseId": "2994dc7737521cc60da7321ce4895f13", "fullName": "tests.test_main_page.TestMainPage#test_check_transition_yandex_link", "labels": [{"name": "parentSuite", "value": "tests"}, {"name": "suite", "value": "test_main_page"}, {"name": "subSuite", "value": "TestMainPage"}, {"name": "host", "value": "Lenovo"}, {"name": "thread", "value": "9884-MainThread"}, {"name": "framework", "value": "pytest"}, {"name": "language", "value": "cpython3"}, {"name": "package", "value": "tests.test_main_page"}]}